Analysis & Synthesis report for iic_eeprom
Thu Dec 05 11:55:18 2019
Quartus II 64-Bit Version 13.1.0 Build 162 10/23/2013 SJ Full Version


---------------------
; Table of Contents ;
---------------------
  1. Legal Notice
  2. Analysis & Synthesis Summary
  3. Analysis & Synthesis Settings
  4. Parallel Compilation
  5. Analysis & Synthesis Source Files Read
  6. Analysis & Synthesis Resource Usage Summary
  7. Analysis & Synthesis Resource Utilization by Entity
  8. State Machine - |eeprom_rw|iic_drv:u_iic_drv|cur_state
  9. User-Specified and Inferred Latches
 10. Registers Removed During Synthesis
 11. General Register Statistics
 12. Inverted Register Statistics
 13. Multiplexer Restructuring Statistics (Restructuring Performed)
 14. Parameter Settings for User Entity Instance: Top-level Entity: |eeprom_rw
 15. Parameter Settings for User Entity Instance: iic_drv:u_iic_drv
 16. Port Connectivity Checks: "iic_drv:u_iic_drv"
 17. Elapsed Time Per Partition
 18. Analysis & Synthesis Messages
 19. Analysis & Synthesis Suppressed Messages



----------------
; Legal Notice ;
----------------
Copyright (C) 1991-2013 Altera Corporation
Your use of Altera Corporation's design tools, logic functions 
and other software and tools, and its AMPP partner logic 
functions, and any output files from any of the foregoing 
(including device programming or simulation files), and any 
associated documentation or information are expressly subject 
to the terms and conditions of the Altera Program License 
Subscription Agreement, Altera MegaCore Function License 
Agreement, or other applicable license agreement, including, 
without limitation, that your use is for the sole purpose of 
programming logic devices manufactured by Altera and sold by 
Altera or its authorized distributors.  Please refer to the 
applicable agreement for further details.



+----------------------------------------------------------------------------------+
; Analysis & Synthesis Summary                                                     ;
+------------------------------------+---------------------------------------------+
; Analysis & Synthesis Status        ; Successful - Thu Dec 05 11:55:18 2019       ;
; Quartus II 64-Bit Version          ; 13.1.0 Build 162 10/23/2013 SJ Full Version ;
; Revision Name                      ; iic_eeprom                                  ;
; Top-level Entity Name              ; eeprom_rw                                   ;
; Family                             ; Cyclone IV E                                ;
; Total logic elements               ; 132                                         ;
;     Total combinational functions  ; 132                                         ;
;     Dedicated logic registers      ; 39                                          ;
; Total registers                    ; 39                                          ;
; Total pins                         ; 40                                          ;
; Total virtual pins                 ; 0                                           ;
; Total memory bits                  ; 0                                           ;
; Embedded Multiplier 9-bit elements ; 0                                           ;
; Total PLLs                         ; 0                                           ;
+------------------------------------+---------------------------------------------+


+----------------------------------------------------------------------------------------------------------------------+
; Analysis & Synthesis Settings                                                                                        ;
+----------------------------------------------------------------------------+--------------------+--------------------+
; Option                                                                     ; Setting            ; Default Value      ;
+----------------------------------------------------------------------------+--------------------+--------------------+
; Device                                                                     ; EP4CE10F17C8       ;                    ;
; Top-level entity name                                                      ; eeprom_rw          ; iic_eeprom         ;
; Family name                                                                ; Cyclone IV E       ; Cyclone IV GX      ;
; Use smart compilation                                                      ; Off                ; Off                ;
; Enable parallel Assembler and TimeQuest Timing Analyzer during compilation ; On                 ; On                 ;
; Enable compact report table                                                ; Off                ; Off                ;
; Restructure Multiplexers                                                   ; Auto               ; Auto               ;
; Create Debugging Nodes for IP Cores                                        ; Off                ; Off                ;
; Preserve fewer node names                                                  ; On                 ; On                 ;
; Disable OpenCore Plus hardware evaluation                                  ; Off                ; Off                ;
; Verilog Version                                                            ; Verilog_2001       ; Verilog_2001       ;
; VHDL Version                                                               ; VHDL_1993          ; VHDL_1993          ;
; State Machine Processing                                                   ; Auto               ; Auto               ;
; Safe State Machine                                                         ; Off                ; Off                ;
; Extract Verilog State Machines                                             ; On                 ; On                 ;
; Extract VHDL State Machines                                                ; On                 ; On                 ;
; Ignore Verilog initial constructs                                          ; Off                ; Off                ;
; Iteration limit for constant Verilog loops                                 ; 5000               ; 5000               ;
; Iteration limit for non-constant Verilog loops                             ; 250                ; 250                ;
; Add Pass-Through Logic to Inferred RAMs                                    ; On                 ; On                 ;
; Infer RAMs from Raw Logic                                                  ; On                 ; On                 ;
; Parallel Synthesis                                                         ; On                 ; On                 ;
; DSP Block Balancing                                                        ; Auto               ; Auto               ;
; NOT Gate Push-Back                                                         ; On                 ; On                 ;
; Power-Up Don't Care                                                        ; On                 ; On                 ;
; Remove Redundant Logic Cells                                               ; Off                ; Off                ;
; Remove Duplicate Registers                                                 ; On                 ; On                 ;
; Ignore CARRY Buffers                                                       ; Off                ; Off                ;
; Ignore CASCADE Buffers                                                     ; Off                ; Off                ;
; Ignore GLOBAL Buffers                                                      ; Off                ; Off                ;
; Ignore ROW GLOBAL Buffers                                                  ; Off                ; Off                ;
; Ignore LCELL Buffers                                                       ; Off                ; Off                ;
; Ignore SOFT Buffers                                                        ; On                 ; On                 ;
; Limit AHDL Integers to 32 Bits                                             ; Off                ; Off                ;
; Optimization Technique                                                     ; Balanced           ; Balanced           ;
; Carry Chain Length                                                         ; 70                 ; 70                 ;
; Auto Carry Chains                                                          ; On                 ; On                 ;
; Auto Open-Drain Pins                                                       ; On                 ; On                 ;
; Perform WYSIWYG Primitive Resynthesis                                      ; Off                ; Off                ;
; Auto ROM Replacement                                                       ; On                 ; On                 ;
; Auto RAM Replacement                                                       ; On                 ; On                 ;
; Auto DSP Block Replacement                                                 ; On                 ; On                 ;
; Auto Shift Register Replacement                                            ; Auto               ; Auto               ;
; Allow Shift Register Merging across Hierarchies                            ; Auto               ; Auto               ;
; Auto Clock Enable Replacement                                              ; On                 ; On                 ;
; Strict RAM Replacement                                                     ; Off                ; Off                ;
; Allow Synchronous Control Signals                                          ; On                 ; On                 ;
; Force Use of Synchronous Clear Signals                                     ; Off                ; Off                ;
; Auto RAM Block Balancing                                                   ; On                 ; On                 ;
; Auto RAM to Logic Cell Conversion                                          ; Off                ; Off                ;
; Auto Resource Sharing                                                      ; Off                ; Off                ;
; Allow Any RAM Size For Recognition                                         ; Off                ; Off                ;
; Allow Any ROM Size For Recognition                                         ; Off                ; Off                ;
; Allow Any Shift Register Size For Recognition                              ; Off                ; Off                ;
; Use LogicLock Constraints during Resource Balancing                        ; On                 ; On                 ;
; Ignore translate_off and synthesis_off directives                          ; Off                ; Off                ;
; Timing-Driven Synthesis                                                    ; On                 ; On                 ;
; Report Parameter Settings                                                  ; On                 ; On                 ;
; Report Source Assignments                                                  ; On                 ; On                 ;
; Report Connectivity Checks                                                 ; On                 ; On                 ;
; Ignore Maximum Fan-Out Assignments                                         ; Off                ; Off                ;
; Synchronization Register Chain Length                                      ; 2                  ; 2                  ;
; PowerPlay Power Optimization                                               ; Normal compilation ; Normal compilation ;
; HDL message level                                                          ; Level2             ; Level2             ;
; Suppress Register Optimization Related Messages                            ; Off                ; Off                ;
; Number of Removed Registers Reported in Synthesis Report                   ; 5000               ; 5000               ;
; Number of Swept Nodes Reported in Synthesis Report                         ; 5000               ; 5000               ;
; Number of Inverted Registers Reported in Synthesis Report                  ; 100                ; 100                ;
; Clock MUX Protection                                                       ; On                 ; On                 ;
; Auto Gated Clock Conversion                                                ; Off                ; Off                ;
; Block Design Naming                                                        ; Auto               ; Auto               ;
; SDC constraint protection                                                  ; Off                ; Off                ;
; Synthesis Effort                                                           ; Auto               ; Auto               ;
; Shift Register Replacement - Allow Asynchronous Clear Signal               ; On                 ; On                 ;
; Pre-Mapping Resynthesis Optimization                                       ; Off                ; Off                ;
; Analysis & Synthesis Message Level                                         ; Medium             ; Medium             ;
; Disable Register Merging Across Hierarchies                                ; Auto               ; Auto               ;
; Resource Aware Inference For Block RAM                                     ; On                 ; On                 ;
; Synthesis Seed                                                             ; 1                  ; 1                  ;
+----------------------------------------------------------------------------+--------------------+--------------------+


+------------------------------------------+
; Parallel Compilation                     ;
+----------------------------+-------------+
; Processors                 ; Number      ;
+----------------------------+-------------+
; Number detected on machine ; 4           ;
; Maximum allowed            ; 2           ;
;                            ;             ;
; Average used               ; 1.00        ;
; Maximum used               ; 1           ;
;                            ;             ;
; Usage by Processor         ; % Time Used ;
;     Processor 1            ; 100.0%      ;
;     Processors 2-4         ;   0.0%      ;
+----------------------------+-------------+


+----------------------------------------------------------------------------------------------------------------------------------------+
; Analysis & Synthesis Source Files Read                                                                                                 ;
+----------------------------------+-----------------+------------------------+------------------------------------------------+---------+
; File Name with User-Entered Path ; Used in Netlist ; File Type              ; File Name with Absolute Path                   ; Library ;
+----------------------------------+-----------------+------------------------+------------------------------------------------+---------+
; ../rtl/eeprom_rw.v               ; yes             ; User Verilog HDL File  ; D:/gitwork/FPFA_EXC/i2c_eeprom/rtl/eeprom_rw.v ;         ;
; ../rtl/iic_drv.v                 ; yes             ; User Verilog HDL File  ; D:/gitwork/FPFA_EXC/i2c_eeprom/rtl/iic_drv.v   ;         ;
+----------------------------------+-----------------+------------------------+------------------------------------------------+---------+


+-----------------------------------------------------------+
; Analysis & Synthesis Resource Usage Summary               ;
+---------------------------------------------+-------------+
; Resource                                    ; Usage       ;
+---------------------------------------------+-------------+
; Estimated Total logic elements              ; 132         ;
;                                             ;             ;
; Total combinational functions               ; 132         ;
; Logic element usage by number of LUT inputs ;             ;
;     -- 4 input functions                    ; 77          ;
;     -- 3 input functions                    ; 27          ;
;     -- <=2 input functions                  ; 28          ;
;                                             ;             ;
; Logic elements by mode                      ;             ;
;     -- normal mode                          ; 118         ;
;     -- arithmetic mode                      ; 14          ;
;                                             ;             ;
; Total registers                             ; 39          ;
;     -- Dedicated logic registers            ; 39          ;
;     -- I/O registers                        ; 0           ;
;                                             ;             ;
; I/O pins                                    ; 40          ;
; Embedded Multiplier 9-bit elements          ; 0           ;
; Maximum fan-out node                        ; Rst_n~input ;
; Maximum fan-out                             ; 39          ;
; Total fan-out                               ; 628         ;
; Average fan-out                             ; 2.50        ;
+---------------------------------------------+-------------+


+--------------------------------------------------------------------------------------------------------------------------------------------------------------------------------------+
; Analysis & Synthesis Resource Utilization by Entity                                                                                                                                  ;
+----------------------------+-------------------+--------------+-------------+--------------+---------+-----------+------+--------------+------------------------------+--------------+
; Compilation Hierarchy Node ; LC Combinationals ; LC Registers ; Memory Bits ; DSP Elements ; DSP 9x9 ; DSP 18x18 ; Pins ; Virtual Pins ; Full Hierarchy Name          ; Library Name ;
+----------------------------+-------------------+--------------+-------------+--------------+---------+-----------+------+--------------+------------------------------+--------------+
; |eeprom_rw                 ; 132 (1)           ; 39 (1)       ; 0           ; 0            ; 0       ; 0         ; 40   ; 0            ; |eeprom_rw                   ; work         ;
;    |iic_drv:u_iic_drv|     ; 131 (131)         ; 38 (38)      ; 0           ; 0            ; 0       ; 0         ; 0    ; 0            ; |eeprom_rw|iic_drv:u_iic_drv ; work         ;
+----------------------------+-------------------+--------------+-------------+--------------+---------+-----------+------+--------------+------------------------------+--------------+
Note: For table entries with two numbers listed, the numbers in parentheses indicate the number of resources of the given type used by the specific entity alone. The numbers listed outside of parentheses indicate the total resources of the given type used by the specific entity and all of its sub-entities in the hierarchy.


Encoding Type:  One-Hot
+---------------------------------------------------------------------------------------------------------------------------------------------------------------------------------------------------------+
; State Machine - |eeprom_rw|iic_drv:u_iic_drv|cur_state                                                                                                                                                  ;
+------------------------+-------------------+---------------------+---------------------+---------------------+-----------------------+------------------------+---------------------+-------------------+
; Name                   ; cur_state.ST_DONE ; cur_state.ST_RDDATA ; cur_state.ST_RDADDR ; cur_state.ST_WRDATA ; cur_state.ST_DEV8ADDR ; cur_state.ST_DEV16ADDR ; cur_state.ST_SLADDR ; cur_state.ST_IDLE ;
+------------------------+-------------------+---------------------+---------------------+---------------------+-----------------------+------------------------+---------------------+-------------------+
; cur_state.ST_IDLE      ; 0                 ; 0                   ; 0                   ; 0                   ; 0                     ; 0                      ; 0                   ; 0                 ;
; cur_state.ST_SLADDR    ; 0                 ; 0                   ; 0                   ; 0                   ; 0                     ; 0                      ; 1                   ; 1                 ;
; cur_state.ST_DEV16ADDR ; 0                 ; 0                   ; 0                   ; 0                   ; 0                     ; 1                      ; 0                   ; 1                 ;
; cur_state.ST_DEV8ADDR  ; 0                 ; 0                   ; 0                   ; 0                   ; 1                     ; 0                      ; 0                   ; 1                 ;
; cur_state.ST_WRDATA    ; 0                 ; 0                   ; 0                   ; 1                   ; 0                     ; 0                      ; 0                   ; 1                 ;
; cur_state.ST_RDADDR    ; 0                 ; 0                   ; 1                   ; 0                   ; 0                     ; 0                      ; 0                   ; 1                 ;
; cur_state.ST_RDDATA    ; 0                 ; 1                   ; 0                   ; 0                   ; 0                     ; 0                      ; 0                   ; 1                 ;
; cur_state.ST_DONE      ; 1                 ; 0                   ; 0                   ; 0                   ; 0                     ; 0                      ; 0                   ; 1                 ;
+------------------------+-------------------+---------------------+---------------------+---------------------+-----------------------+------------------------+---------------------+-------------------+


+------------------------------------------------------------------------------------------------------------+
; User-Specified and Inferred Latches                                                                        ;
+----------------------------------------------------+------------------------------+------------------------+
; Latch Name                                         ; Latch Enable Signal          ; Free of Timing Hazards ;
+----------------------------------------------------+------------------------------+------------------------+
; iic_drv:u_iic_drv|nex_state.ST_RDDATA_710          ; iic_drv:u_iic_drv|Selector34 ; yes                    ;
; iic_drv:u_iic_drv|nex_state.ST_IDLE_764            ; iic_drv:u_iic_drv|Selector34 ; yes                    ;
; iic_drv:u_iic_drv|nex_state.ST_DONE_701            ; iic_drv:u_iic_drv|Selector34 ; yes                    ;
; iic_drv:u_iic_drv|nex_state.ST_RDADDR_719          ; iic_drv:u_iic_drv|Selector34 ; yes                    ;
; iic_drv:u_iic_drv|nex_state.ST_WRDATA_728          ; iic_drv:u_iic_drv|Selector34 ; yes                    ;
; iic_drv:u_iic_drv|nex_state.ST_DEV8ADDR_737        ; iic_drv:u_iic_drv|Selector34 ; yes                    ;
; iic_drv:u_iic_drv|nex_state.ST_DEV16ADDR_746       ; iic_drv:u_iic_drv|Selector34 ; yes                    ;
; iic_drv:u_iic_drv|nex_state.ST_SLADDR_755          ; iic_drv:u_iic_drv|Selector34 ; yes                    ;
; Number of user-specified and inferred latches = 8  ;                              ;                        ;
+----------------------------------------------------+------------------------------+------------------------+
Note: All latches listed above may not be present at the end of synthesis due to various synthesis optimizations.


+--------------------------------------------------------------------------------+
; Registers Removed During Synthesis                                             ;
+---------------------------------------+----------------------------------------+
; Register name                         ; Reason for Removal                     ;
+---------------------------------------+----------------------------------------+
; iic_drv:u_iic_drv|iic_start           ; Stuck at VCC due to stuck port data_in ;
; iic_drv:u_iic_drv|cur_state~4         ; Lost fanout                            ;
; iic_drv:u_iic_drv|cur_state~5         ; Lost fanout                            ;
; iic_drv:u_iic_drv|cur_state~6         ; Lost fanout                            ;
; iic_drv:u_iic_drv|cur_state~7         ; Lost fanout                            ;
; Total Number of Removed Registers = 5 ;                                        ;
+---------------------------------------+----------------------------------------+


+------------------------------------------------------+
; General Register Statistics                          ;
+----------------------------------------------+-------+
; Statistic                                    ; Value ;
+----------------------------------------------+-------+
; Total registers                              ; 39    ;
; Number of registers using Synchronous Clear  ; 8     ;
; Number of registers using Synchronous Load   ; 0     ;
; Number of registers using Asynchronous Clear ; 39    ;
; Number of registers using Asynchronous Load  ; 0     ;
; Number of registers using Clock Enable       ; 8     ;
; Number of registers using Preset             ; 0     ;
+----------------------------------------------+-------+


+--------------------------------------------------+
; Inverted Register Statistics                     ;
+----------------------------------------+---------+
; Inverted Register                      ; Fan out ;
+----------------------------------------+---------+
; iic_drv:u_iic_drv|Scl4x                ; 32      ;
; iic_drv:u_iic_drv|IIC_SCL              ; 8       ;
; iic_drv:u_iic_drv|sda_dir              ; 3       ;
; iic_drv:u_iic_drv|sda_out              ; 10      ;
; Total number of inverted registers = 4 ;         ;
+----------------------------------------+---------+


+---------------------------------------------------------------------------------------------------------------------------------------------------------+
; Multiplexer Restructuring Statistics (Restructuring Performed)                                                                                          ;
+--------------------+-----------+---------------+----------------------+------------------------+------------+-------------------------------------------+
; Multiplexer Inputs ; Bus Width ; Baseline Area ; Area if Restructured ; Saving if Restructured ; Registered ; Example Multiplexer Output                ;
+--------------------+-----------+---------------+----------------------+------------------------+------------+-------------------------------------------+
; 7:1                ; 8 bits    ; 32 LEs        ; 8 LEs                ; 24 LEs                 ; Yes        ; |eeprom_rw|iic_drv:u_iic_drv|scl4x_cnt[7] ;
+--------------------+-----------+---------------+----------------------+------------------------+------------+-------------------------------------------+


+---------------------------------------------------------------------------+
; Parameter Settings for User Entity Instance: Top-level Entity: |eeprom_rw ;
+----------------+---------+------------------------------------------------+
; Parameter Name ; Value   ; Type                                           ;
+----------------+---------+------------------------------------------------+
; SLAVE_ADDR     ; 1010000 ; Unsigned Binary                                ;
; DEVADDR_16BIT  ; 1       ; Unsigned Binary                                ;
+----------------+---------+------------------------------------------------+
Note: In order to hide this table in the UI and the text report file, please set the "Show Parameter Settings in Synthesis Report" option in "Analysis and Synthesis Settings -> More Settings" to "Off".


+----------------------------------------------------------------+
; Parameter Settings for User Entity Instance: iic_drv:u_iic_drv ;
+----------------+----------+------------------------------------+
; Parameter Name ; Value    ; Type                               ;
+----------------+----------+------------------------------------+
; IIC_CLK_FRQ    ; 250000   ; Signed Integer                     ;
; MAIN_CLK_FRQ   ; 50000000 ; Signed Integer                     ;
+----------------+----------+------------------------------------+
Note: In order to hide this table in the UI and the text report file, please set the "Show Parameter Settings in Synthesis Report" option in "Analysis and Synthesis Settings -> More Settings" to "Off".


+--------------------------------------------------------+
; Port Connectivity Checks: "iic_drv:u_iic_drv"          ;
+----------------------+-------+----------+--------------+
; Port                 ; Type  ; Severity ; Details      ;
+----------------------+-------+----------+--------------+
; IIC_slave_addr[3..0] ; Input ; Info     ; Stuck at GND ;
; IIC_slave_addr[6]    ; Input ; Info     ; Stuck at VCC ;
; IIC_slave_addr[5]    ; Input ; Info     ; Stuck at GND ;
; IIC_slave_addr[4]    ; Input ; Info     ; Stuck at VCC ;
; IIC_bit_sel          ; Input ; Info     ; Stuck at VCC ;
+----------------------+-------+----------+--------------+


+-------------------------------+
; Elapsed Time Per Partition    ;
+----------------+--------------+
; Partition Name ; Elapsed Time ;
+----------------+--------------+
; Top            ; 00:00:02     ;
+----------------+--------------+


+-------------------------------+
; Analysis & Synthesis Messages ;
+-------------------------------+
Info: *******************************************************************
Info: Running Quartus II 64-Bit Analysis & Synthesis
    Info: Version 13.1.0 Build 162 10/23/2013 SJ Full Version
    Info: Processing started: Thu Dec 05 11:55:15 2019
Info: Command: quartus_map --read_settings_files=on --write_settings_files=off iic_eeprom -c iic_eeprom
Info (11104): Parallel Compilation has detected 4 hyper-threaded processors. However, the extra hyper-threaded processors will not be used by default. Parallel Compilation will use 2 of the 2 physical processors detected instead.
Info (12021): Found 1 design units, including 1 entities, in source file /gitwork/fpfa_exc/i2c_eeprom/testbench/24lc64.v
    Info (12023): Found entity 1: M24LC64
Info (12021): Found 1 design units, including 1 entities, in source file /gitwork/fpfa_exc/i2c_eeprom/rtl/eeprom_rw.v
    Info (12023): Found entity 1: eeprom_rw
Info (12021): Found 1 design units, including 1 entities, in source file /gitwork/fpfa_exc/i2c_eeprom/testbench/eeprom_rw_tb.v
    Info (12023): Found entity 1: eeprom_rw_tb
Info (12021): Found 1 design units, including 1 entities, in source file /gitwork/fpfa_exc/i2c_eeprom/rtl/iic_drv.v
    Info (12023): Found entity 1: iic_drv
Info (12021): Found 1 design units, including 1 entities, in source file /gitwork/fpfa_exc/i2c_eeprom/testbench/iic_drv_tb.v
    Info (12023): Found entity 1: iic_drv_tb
Info (12127): Elaborating entity "eeprom_rw" for the top level hierarchy
Info (12128): Elaborating entity "iic_drv" for hierarchy "iic_drv:u_iic_drv"
Warning (10230): Verilog HDL assignment warning at iic_drv.v(73): truncated value with size 32 to match size of target (8)
Warning (10240): Verilog HDL Always Construct warning at iic_drv.v(104): inferring latch(es) for variable "nex_state", which holds its previous value in one or more paths through the always construct
Info (10041): Inferred latch for "nex_state.ST_DONE" at iic_drv.v(104)
Info (10041): Inferred latch for "nex_state.ST_RDDATA" at iic_drv.v(104)
Info (10041): Inferred latch for "nex_state.ST_RDADDR" at iic_drv.v(104)
Info (10041): Inferred latch for "nex_state.ST_WRDATA" at iic_drv.v(104)
Info (10041): Inferred latch for "nex_state.ST_DEV8ADDR" at iic_drv.v(104)
Info (10041): Inferred latch for "nex_state.ST_DEV16ADDR" at iic_drv.v(104)
Info (10041): Inferred latch for "nex_state.ST_SLADDR" at iic_drv.v(104)
Info (10041): Inferred latch for "nex_state.ST_IDLE" at iic_drv.v(104)
Warning (13046): Tri-state node(s) do not directly drive top-level pin(s)
    Warning (13047): Converted the fan-out from the tri-state buffer "iic_drv:u_iic_drv|IIC_SDA" to the node "iic_drv:u_iic_drv|Selector28" into an OR gate
Warning (13012): Latch iic_drv:u_iic_drv|nex_state.ST_RDDATA_710 has unsafe behavior
    Warning (13013): Ports D and ENA on the latch are fed by the same signal iic_drv:u_iic_drv|st_done
Warning (13012): Latch iic_drv:u_iic_drv|nex_state.ST_IDLE_764 has unsafe behavior
    Warning (13013): Ports D and ENA on the latch are fed by the same signal iic_drv:u_iic_drv|st_done
Warning (13012): Latch iic_drv:u_iic_drv|nex_state.ST_DONE_701 has unsafe behavior
    Warning (13013): Ports D and ENA on the latch are fed by the same signal iic_drv:u_iic_drv|st_done
Warning (13012): Latch iic_drv:u_iic_drv|nex_state.ST_RDADDR_719 has unsafe behavior
    Warning (13013): Ports D and ENA on the latch are fed by the same signal iic_drv:u_iic_drv|st_done
Warning (13012): Latch iic_drv:u_iic_drv|nex_state.ST_WRDATA_728 has unsafe behavior
    Warning (13013): Ports D and ENA on the latch are fed by the same signal iic_drv:u_iic_drv|st_done
Warning (13012): Latch iic_drv:u_iic_drv|nex_state.ST_DEV8ADDR_737 has unsafe behavior
    Warning (13013): Ports D and ENA on the latch are fed by the same signal iic_drv:u_iic_drv|st_done
Warning (13012): Latch iic_drv:u_iic_drv|nex_state.ST_DEV16ADDR_746 has unsafe behavior
    Warning (13013): Ports D and ENA on the latch are fed by the same signal iic_drv:u_iic_drv|st_done
Warning (13012): Latch iic_drv:u_iic_drv|nex_state.ST_SLADDR_755 has unsafe behavior
    Warning (13013): Ports D and ENA on the latch are fed by the same signal iic_drv:u_iic_drv|st_done
Info (13000): Registers with preset signals will power-up high
Info (13003): DEV_CLRn pin will set, and not reset, register with preset signal due to NOT Gate Push-Back
Info (286030): Timing-Driven Synthesis is running
Info (17049): 4 registers lost all their fanouts during netlist optimizations.
Info (144001): Generated suppressed messages file D:/gitwork/FPFA_EXC/i2c_eeprom/prj/output_files/iic_eeprom.map.smsg
Info (16010): Generating hard_block partition "hard_block:auto_generated_inst"
    Info (16011): Adding 0 node(s), including 0 DDIO, 0 PLL, 0 transceiver and 0 LCELL
Info (21057): Implemented 179 device resources after synthesis - the final resource count might be different
    Info (21058): Implemented 28 input pins
    Info (21059): Implemented 12 output pins
    Info (21061): Implemented 139 logic cells
Info: Quartus II 64-Bit Analysis & Synthesis was successful. 0 errors, 20 warnings
    Info: Peak virtual memory: 477 megabytes
    Info: Processing ended: Thu Dec 05 11:55:18 2019
    Info: Elapsed time: 00:00:03
    Info: Total CPU time (on all processors): 00:00:03


+------------------------------------------+
; Analysis & Synthesis Suppressed Messages ;
+------------------------------------------+
The suppressed messages can be found in D:/gitwork/FPFA_EXC/i2c_eeprom/prj/output_files/iic_eeprom.map.smsg.


