Analysis & Synthesis report for dpram
Sat Nov 16 23:28:38 2019
Quartus II 64-Bit Version 13.1.0 Build 162 10/23/2013 SJ Full Version


---------------------
; Table of Contents ;
---------------------
  1. Legal Notice
  2. Analysis & Synthesis Summary
  3. Analysis & Synthesis Settings
  4. Parallel Compilation
  5. Analysis & Synthesis Source Files Read
  6. Analysis & Synthesis Resource Usage Summary
  7. Analysis & Synthesis Resource Utilization by Entity
  8. Analysis & Synthesis RAM Summary
  9. Analysis & Synthesis IP Cores Summary
 10. State Machine - |uart_dpram|key_filter:u_key_filter|state
 11. Registers Removed During Synthesis
 12. General Register Statistics
 13. Inverted Register Statistics
 14. Multiplexer Restructuring Statistics (Restructuring Performed)
 15. Source assignments for ip_dpram:u_ip_dpram|altsyncram:altsyncram_component|altsyncram_ufn1:auto_generated
 16. Parameter Settings for User Entity Instance: ip_dpram:u_ip_dpram|altsyncram:altsyncram_component
 17. altsyncram Parameter Settings by Entity Instance
 18. Port Connectivity Checks: "uart_rx_byte:u_uart_rx_byte"
 19. Port Connectivity Checks: "uart_tx_byte:u_uart_tx_byte"
 20. Elapsed Time Per Partition
 21. Analysis & Synthesis Messages



----------------
; Legal Notice ;
----------------
Copyright (C) 1991-2013 Altera Corporation
Your use of Altera Corporation's design tools, logic functions 
and other software and tools, and its AMPP partner logic 
functions, and any output files from any of the foregoing 
(including device programming or simulation files), and any 
associated documentation or information are expressly subject 
to the terms and conditions of the Altera Program License 
Subscription Agreement, Altera MegaCore Function License 
Agreement, or other applicable license agreement, including, 
without limitation, that your use is for the sole purpose of 
programming logic devices manufactured by Altera and sold by 
Altera or its authorized distributors.  Please refer to the 
applicable agreement for further details.



+----------------------------------------------------------------------------------+
; Analysis & Synthesis Summary                                                     ;
+------------------------------------+---------------------------------------------+
; Analysis & Synthesis Status        ; Successful - Sat Nov 16 23:28:38 2019       ;
; Quartus II 64-Bit Version          ; 13.1.0 Build 162 10/23/2013 SJ Full Version ;
; Revision Name                      ; dpram                                       ;
; Top-level Entity Name              ; uart_dpram                                  ;
; Family                             ; Cyclone IV E                                ;
; Total logic elements               ; 212                                         ;
;     Total combinational functions  ; 188                                         ;
;     Dedicated logic registers      ; 140                                         ;
; Total registers                    ; 140                                         ;
; Total pins                         ; 5                                           ;
; Total virtual pins                 ; 0                                           ;
; Total memory bits                  ; 2,048                                       ;
; Embedded Multiplier 9-bit elements ; 0                                           ;
; Total PLLs                         ; 0                                           ;
+------------------------------------+---------------------------------------------+


+----------------------------------------------------------------------------------------------------------------------+
; Analysis & Synthesis Settings                                                                                        ;
+----------------------------------------------------------------------------+--------------------+--------------------+
; Option                                                                     ; Setting            ; Default Value      ;
+----------------------------------------------------------------------------+--------------------+--------------------+
; Device                                                                     ; EP4CE10F17C8       ;                    ;
; Top-level entity name                                                      ; uart_dpram         ; dpram              ;
; Family name                                                                ; Cyclone IV E       ; Cyclone IV GX      ;
; Use smart compilation                                                      ; Off                ; Off                ;
; Enable parallel Assembler and TimeQuest Timing Analyzer during compilation ; On                 ; On                 ;
; Enable compact report table                                                ; Off                ; Off                ;
; Restructure Multiplexers                                                   ; Auto               ; Auto               ;
; Create Debugging Nodes for IP Cores                                        ; Off                ; Off                ;
; Preserve fewer node names                                                  ; On                 ; On                 ;
; Disable OpenCore Plus hardware evaluation                                  ; Off                ; Off                ;
; Verilog Version                                                            ; Verilog_2001       ; Verilog_2001       ;
; VHDL Version                                                               ; VHDL_1993          ; VHDL_1993          ;
; State Machine Processing                                                   ; Auto               ; Auto               ;
; Safe State Machine                                                         ; Off                ; Off                ;
; Extract Verilog State Machines                                             ; On                 ; On                 ;
; Extract VHDL State Machines                                                ; On                 ; On                 ;
; Ignore Verilog initial constructs                                          ; Off                ; Off                ;
; Iteration limit for constant Verilog loops                                 ; 5000               ; 5000               ;
; Iteration limit for non-constant Verilog loops                             ; 250                ; 250                ;
; Add Pass-Through Logic to Inferred RAMs                                    ; On                 ; On                 ;
; Infer RAMs from Raw Logic                                                  ; On                 ; On                 ;
; Parallel Synthesis                                                         ; On                 ; On                 ;
; DSP Block Balancing                                                        ; Auto               ; Auto               ;
; NOT Gate Push-Back                                                         ; On                 ; On                 ;
; Power-Up Don't Care                                                        ; On                 ; On                 ;
; Remove Redundant Logic Cells                                               ; Off                ; Off                ;
; Remove Duplicate Registers                                                 ; On                 ; On                 ;
; Ignore CARRY Buffers                                                       ; Off                ; Off                ;
; Ignore CASCADE Buffers                                                     ; Off                ; Off                ;
; Ignore GLOBAL Buffers                                                      ; Off                ; Off                ;
; Ignore ROW GLOBAL Buffers                                                  ; Off                ; Off                ;
; Ignore LCELL Buffers                                                       ; Off                ; Off                ;
; Ignore SOFT Buffers                                                        ; On                 ; On                 ;
; Limit AHDL Integers to 32 Bits                                             ; Off                ; Off                ;
; Optimization Technique                                                     ; Balanced           ; Balanced           ;
; Carry Chain Length                                                         ; 70                 ; 70                 ;
; Auto Carry Chains                                                          ; On                 ; On                 ;
; Auto Open-Drain Pins                                                       ; On                 ; On                 ;
; Perform WYSIWYG Primitive Resynthesis                                      ; Off                ; Off                ;
; Auto ROM Replacement                                                       ; On                 ; On                 ;
; Auto RAM Replacement                                                       ; On                 ; On                 ;
; Auto DSP Block Replacement                                                 ; On                 ; On                 ;
; Auto Shift Register Replacement                                            ; Auto               ; Auto               ;
; Allow Shift Register Merging across Hierarchies                            ; Auto               ; Auto               ;
; Auto Clock Enable Replacement                                              ; On                 ; On                 ;
; Strict RAM Replacement                                                     ; Off                ; Off                ;
; Allow Synchronous Control Signals                                          ; On                 ; On                 ;
; Force Use of Synchronous Clear Signals                                     ; Off                ; Off                ;
; Auto RAM Block Balancing                                                   ; On                 ; On                 ;
; Auto RAM to Logic Cell Conversion                                          ; Off                ; Off                ;
; Auto Resource Sharing                                                      ; Off                ; Off                ;
; Allow Any RAM Size For Recognition                                         ; Off                ; Off                ;
; Allow Any ROM Size For Recognition                                         ; Off                ; Off                ;
; Allow Any Shift Register Size For Recognition                              ; Off                ; Off                ;
; Use LogicLock Constraints during Resource Balancing                        ; On                 ; On                 ;
; Ignore translate_off and synthesis_off directives                          ; Off                ; Off                ;
; Timing-Driven Synthesis                                                    ; On                 ; On                 ;
; Report Parameter Settings                                                  ; On                 ; On                 ;
; Report Source Assignments                                                  ; On                 ; On                 ;
; Report Connectivity Checks                                                 ; On                 ; On                 ;
; Ignore Maximum Fan-Out Assignments                                         ; Off                ; Off                ;
; Synchronization Register Chain Length                                      ; 2                  ; 2                  ;
; PowerPlay Power Optimization                                               ; Normal compilation ; Normal compilation ;
; HDL message level                                                          ; Level2             ; Level2             ;
; Suppress Register Optimization Related Messages                            ; Off                ; Off                ;
; Number of Removed Registers Reported in Synthesis Report                   ; 5000               ; 5000               ;
; Number of Swept Nodes Reported in Synthesis Report                         ; 5000               ; 5000               ;
; Number of Inverted Registers Reported in Synthesis Report                  ; 100                ; 100                ;
; Clock MUX Protection                                                       ; On                 ; On                 ;
; Auto Gated Clock Conversion                                                ; Off                ; Off                ;
; Block Design Naming                                                        ; Auto               ; Auto               ;
; SDC constraint protection                                                  ; Off                ; Off                ;
; Synthesis Effort                                                           ; Auto               ; Auto               ;
; Shift Register Replacement - Allow Asynchronous Clear Signal               ; On                 ; On                 ;
; Pre-Mapping Resynthesis Optimization                                       ; Off                ; Off                ;
; Analysis & Synthesis Message Level                                         ; Medium             ; Medium             ;
; Disable Register Merging Across Hierarchies                                ; Auto               ; Auto               ;
; Resource Aware Inference For Block RAM                                     ; On                 ; On                 ;
; Synthesis Seed                                                             ; 1                  ; 1                  ;
+----------------------------------------------------------------------------+--------------------+--------------------+


+------------------------------------------+
; Parallel Compilation                     ;
+----------------------------+-------------+
; Processors                 ; Number      ;
+----------------------------+-------------+
; Number detected on machine ; 6           ;
; Maximum allowed            ; 6           ;
;                            ;             ;
; Average used               ; 1.00        ;
; Maximum used               ; 1           ;
;                            ;             ;
; Usage by Processor         ; % Time Used ;
;     Processor 1            ; 100.0%      ;
;     Processors 2-6         ;   0.0%      ;
+----------------------------+-------------+


+--------------------------------------------------------------------------------------------------------------------------------------------------------------------+
; Analysis & Synthesis Source Files Read                                                                                                                             ;
+----------------------------------+-----------------+------------------------------+----------------------------------------------------------------------+---------+
; File Name with User-Entered Path ; Used in Netlist ; File Type                    ; File Name with Absolute Path                                         ; Library ;
+----------------------------------+-----------------+------------------------------+----------------------------------------------------------------------+---------+
; ../rtl/uart_tx_byte.v            ; yes             ; User Verilog HDL File        ; D:/gitwork/FPFA_EXC/dpram/rtl/uart_tx_byte.v                         ;         ;
; ../rtl/uart_rx_byte.v            ; yes             ; User Verilog HDL File        ; D:/gitwork/FPFA_EXC/dpram/rtl/uart_rx_byte.v                         ;         ;
; ../rtl/key_filter.v              ; yes             ; User Verilog HDL File        ; D:/gitwork/FPFA_EXC/dpram/rtl/key_filter.v                           ;         ;
; ip/ip_dpram.v                    ; yes             ; User Wizard-Generated File   ; D:/gitwork/FPFA_EXC/dpram/prj/ip/ip_dpram.v                          ;         ;
; ../rtl/uart_dpram.v              ; yes             ; User Verilog HDL File        ; D:/gitwork/FPFA_EXC/dpram/rtl/uart_dpram.v                           ;         ;
; ../rtl/uart_dpram_ctrl.v         ; yes             ; User Verilog HDL File        ; D:/gitwork/FPFA_EXC/dpram/rtl/uart_dpram_ctrl.v                      ;         ;
; altsyncram.tdf                   ; yes             ; Megafunction                 ; c:/altera/13.1/quartus/libraries/megafunctions/altsyncram.tdf        ;         ;
; stratix_ram_block.inc            ; yes             ; Megafunction                 ; c:/altera/13.1/quartus/libraries/megafunctions/stratix_ram_block.inc ;         ;
; lpm_mux.inc                      ; yes             ; Megafunction                 ; c:/altera/13.1/quartus/libraries/megafunctions/lpm_mux.inc           ;         ;
; lpm_decode.inc                   ; yes             ; Megafunction                 ; c:/altera/13.1/quartus/libraries/megafunctions/lpm_decode.inc        ;         ;
; aglobal131.inc                   ; yes             ; Megafunction                 ; c:/altera/13.1/quartus/libraries/megafunctions/aglobal131.inc        ;         ;
; a_rdenreg.inc                    ; yes             ; Megafunction                 ; c:/altera/13.1/quartus/libraries/megafunctions/a_rdenreg.inc         ;         ;
; altrom.inc                       ; yes             ; Megafunction                 ; c:/altera/13.1/quartus/libraries/megafunctions/altrom.inc            ;         ;
; altram.inc                       ; yes             ; Megafunction                 ; c:/altera/13.1/quartus/libraries/megafunctions/altram.inc            ;         ;
; altdpram.inc                     ; yes             ; Megafunction                 ; c:/altera/13.1/quartus/libraries/megafunctions/altdpram.inc          ;         ;
; db/altsyncram_ufn1.tdf           ; yes             ; Auto-Generated Megafunction  ; D:/gitwork/FPFA_EXC/dpram/prj/db/altsyncram_ufn1.tdf                 ;         ;
+----------------------------------+-----------------+------------------------------+----------------------------------------------------------------------+---------+


+---------------------------------------------------------+
; Analysis & Synthesis Resource Usage Summary             ;
+---------------------------------------------+-----------+
; Resource                                    ; Usage     ;
+---------------------------------------------+-----------+
; Estimated Total logic elements              ; 212       ;
;                                             ;           ;
; Total combinational functions               ; 188       ;
; Logic element usage by number of LUT inputs ;           ;
;     -- 4 input functions                    ; 79        ;
;     -- 3 input functions                    ; 24        ;
;     -- <=2 input functions                  ; 85        ;
;                                             ;           ;
; Logic elements by mode                      ;           ;
;     -- normal mode                          ; 123       ;
;     -- arithmetic mode                      ; 65        ;
;                                             ;           ;
; Total registers                             ; 140       ;
;     -- Dedicated logic registers            ; 140       ;
;     -- I/O registers                        ; 0         ;
;                                             ;           ;
; I/O pins                                    ; 5         ;
; Total memory bits                           ; 2048      ;
; Embedded Multiplier 9-bit elements          ; 0         ;
; Maximum fan-out node                        ; Clk~input ;
; Maximum fan-out                             ; 148       ;
; Total fan-out                               ; 1255      ;
; Average fan-out                             ; 3.63      ;
+---------------------------------------------+-----------+


+-----------------------------------------------------------------------------------------------------------------------------------------------------------------------------------------------------------------------------------------------------------------------+
; Analysis & Synthesis Resource Utilization by Entity                                                                                                                                                                                                                   ;
+-------------------------------------------+-------------------+--------------+-------------+--------------+---------+-----------+------+--------------+------------------------------------------------------------------------------------------------+--------------+
; Compilation Hierarchy Node                ; LC Combinationals ; LC Registers ; Memory Bits ; DSP Elements ; DSP 9x9 ; DSP 18x18 ; Pins ; Virtual Pins ; Full Hierarchy Name                                                                            ; Library Name ;
+-------------------------------------------+-------------------+--------------+-------------+--------------+---------+-----------+------+--------------+------------------------------------------------------------------------------------------------+--------------+
; |uart_dpram                               ; 188 (0)           ; 140 (0)      ; 2048        ; 0            ; 0       ; 0         ; 5    ; 0            ; |uart_dpram                                                                                    ; work         ;
;    |ip_dpram:u_ip_dpram|                  ; 0 (0)             ; 0 (0)        ; 2048        ; 0            ; 0       ; 0         ; 0    ; 0            ; |uart_dpram|ip_dpram:u_ip_dpram                                                                ; work         ;
;       |altsyncram:altsyncram_component|   ; 0 (0)             ; 0 (0)        ; 2048        ; 0            ; 0       ; 0         ; 0    ; 0            ; |uart_dpram|ip_dpram:u_ip_dpram|altsyncram:altsyncram_component                                ; work         ;
;          |altsyncram_ufn1:auto_generated| ; 0 (0)             ; 0 (0)        ; 2048        ; 0            ; 0       ; 0         ; 0    ; 0            ; |uart_dpram|ip_dpram:u_ip_dpram|altsyncram:altsyncram_component|altsyncram_ufn1:auto_generated ; work         ;
;    |key_filter:u_key_filter|              ; 44 (44)           ; 32 (32)      ; 0           ; 0            ; 0       ; 0         ; 0    ; 0            ; |uart_dpram|key_filter:u_key_filter                                                            ; work         ;
;    |uart_dpram_ctrl:u_uart_dpram_ctrl|    ; 19 (19)           ; 18 (18)      ; 0           ; 0            ; 0       ; 0         ; 0    ; 0            ; |uart_dpram|uart_dpram_ctrl:u_uart_dpram_ctrl                                                  ; work         ;
;    |uart_rx_byte:u_uart_rx_byte|          ; 82 (82)           ; 61 (61)      ; 0           ; 0            ; 0       ; 0         ; 0    ; 0            ; |uart_dpram|uart_rx_byte:u_uart_rx_byte                                                        ; work         ;
;    |uart_tx_byte:u_uart_tx_byte|          ; 43 (43)           ; 29 (29)      ; 0           ; 0            ; 0       ; 0         ; 0    ; 0            ; |uart_dpram|uart_tx_byte:u_uart_tx_byte                                                        ; work         ;
+-------------------------------------------+-------------------+--------------+-------------+--------------+---------+-----------+------+--------------+------------------------------------------------------------------------------------------------+--------------+
Note: For table entries with two numbers listed, the numbers in parentheses indicate the number of resources of the given type used by the specific entity alone. The numbers listed outside of parentheses indicate the total resources of the given type used by the specific entity and all of its sub-entities in the hierarchy.


+---------------------------------------------------------------------------------------------------------------------------------------------------------------------------------------------------+
; Analysis & Synthesis RAM Summary                                                                                                                                                                  ;
+-----------------------------------------------------------------------------------------------+------+------------------+--------------+--------------+--------------+--------------+------+------+
; Name                                                                                          ; Type ; Mode             ; Port A Depth ; Port A Width ; Port B Depth ; Port B Width ; Size ; MIF  ;
+-----------------------------------------------------------------------------------------------+------+------------------+--------------+--------------+--------------+--------------+------+------+
; ip_dpram:u_ip_dpram|altsyncram:altsyncram_component|altsyncram_ufn1:auto_generated|ALTSYNCRAM ; AUTO ; Simple Dual Port ; 256          ; 8            ; 256          ; 8            ; 2048 ; None ;
+-----------------------------------------------------------------------------------------------+------+------------------+--------------+--------------+--------------+--------------+------+------+


+-----------------------------------------------------------------------------------------------------------------------------------------------+
; Analysis & Synthesis IP Cores Summary                                                                                                         ;
+--------+--------------+---------+--------------+--------------+---------------------------------+---------------------------------------------+
; Vendor ; IP Core Name ; Version ; Release Date ; License Type ; Entity Instance                 ; IP Include File                             ;
+--------+--------------+---------+--------------+--------------+---------------------------------+---------------------------------------------+
; Altera ; RAM: 2-PORT  ; 13.1    ; N/A          ; N/A          ; |uart_dpram|ip_dpram:u_ip_dpram ; D:/gitwork/FPFA_EXC/dpram/prj/ip/ip_dpram.v ;
+--------+--------------+---------+--------------+--------------+---------------------------------+---------------------------------------------+


Encoding Type:  One-Hot
+-------------------------------------------------------------------------------------------+
; State Machine - |uart_dpram|key_filter:u_key_filter|state                                 ;
+----------------------+----------------------+------------+-------------------+------------+
; Name                 ; state.FILTER_RELEASE ; state.DOWN ; state.FILTER_DOWN ; state.IDLE ;
+----------------------+----------------------+------------+-------------------+------------+
; state.IDLE           ; 0                    ; 0          ; 0                 ; 0          ;
; state.FILTER_DOWN    ; 0                    ; 0          ; 1                 ; 1          ;
; state.DOWN           ; 0                    ; 1          ; 0                 ; 1          ;
; state.FILTER_RELEASE ; 1                    ; 0          ; 0                 ; 1          ;
+----------------------+----------------------+------------+-------------------+------------+


+------------------------------------------------------------------------------------------------------------+
; Registers Removed During Synthesis                                                                         ;
+------------------------------------------------------+-----------------------------------------------------+
; Register name                                        ; Reason for Removal                                  ;
+------------------------------------------------------+-----------------------------------------------------+
; uart_rx_byte:u_uart_rx_byte|baud_cnt[0,5,7,9..12]    ; Stuck at GND due to stuck port data_in              ;
; uart_tx_byte:u_uart_tx_byte|baud_cnt[9,11]           ; Stuck at GND due to stuck port data_in              ;
; uart_tx_byte:u_uart_tx_byte|baud_cnt[4]              ; Stuck at VCC due to stuck port data_in              ;
; uart_tx_byte:u_uart_tx_byte|baud_cnt[3]              ; Stuck at GND due to stuck port data_in              ;
; uart_tx_byte:u_uart_tx_byte|baud_cnt[0]              ; Stuck at VCC due to stuck port data_in              ;
; uart_rx_byte:u_uart_rx_byte|baud_cnt[2..4,6,8]       ; Merged with uart_rx_byte:u_uart_rx_byte|baud_cnt[1] ;
; uart_tx_byte:u_uart_tx_byte|baud_cnt[1,2,5..8,10,12] ; Merged with uart_rx_byte:u_uart_rx_byte|baud_cnt[1] ;
; Total Number of Removed Registers = 25               ;                                                     ;
+------------------------------------------------------+-----------------------------------------------------+


+------------------------------------------------------+
; General Register Statistics                          ;
+----------------------------------------------+-------+
; Statistic                                    ; Value ;
+----------------------------------------------+-------+
; Total registers                              ; 140   ;
; Number of registers using Synchronous Clear  ; 82    ;
; Number of registers using Synchronous Load   ; 0     ;
; Number of registers using Asynchronous Clear ; 140   ;
; Number of registers using Asynchronous Load  ; 0     ;
; Number of registers using Clock Enable       ; 46    ;
; Number of registers using Preset             ; 0     ;
+----------------------------------------------+-------+


+--------------------------------------------------+
; Inverted Register Statistics                     ;
+----------------------------------------+---------+
; Inverted Register                      ; Fan out ;
+----------------------------------------+---------+
; uart_tx_byte:u_uart_tx_byte|Uart_tx    ; 1       ;
; key_filter:u_key_filter|key_state      ; 3       ;
; key_filter:u_key_filter|key_in_r2      ; 10      ;
; key_filter:u_key_filter|key_in_r1      ; 11      ;
; key_filter:u_key_filter|key_in_s1      ; 1       ;
; key_filter:u_key_filter|key_in_s0      ; 1       ;
; Total number of inverted registers = 6 ;         ;
+----------------------------------------+---------+


+-------------------------------------------------------------------------------------------------------------------------------------------------------------------------+
; Multiplexer Restructuring Statistics (Restructuring Performed)                                                                                                          ;
+--------------------+-----------+---------------+----------------------+------------------------+------------+-----------------------------------------------------------+
; Multiplexer Inputs ; Bus Width ; Baseline Area ; Area if Restructured ; Saving if Restructured ; Registered ; Example Multiplexer Output                                ;
+--------------------+-----------+---------------+----------------------+------------------------+------------+-----------------------------------------------------------+
; 256:1              ; 3 bits    ; 510 LEs       ; 3 LEs                ; 507 LEs                ; Yes        ; |uart_dpram|uart_rx_byte:u_uart_rx_byte|uart_byte_r[7][0] ;
; 256:1              ; 3 bits    ; 510 LEs       ; 3 LEs                ; 507 LEs                ; Yes        ; |uart_dpram|uart_rx_byte:u_uart_rx_byte|uart_byte_r[6][0] ;
; 256:1              ; 3 bits    ; 510 LEs       ; 3 LEs                ; 507 LEs                ; Yes        ; |uart_dpram|uart_rx_byte:u_uart_rx_byte|uart_byte_r[5][1] ;
; 256:1              ; 3 bits    ; 510 LEs       ; 3 LEs                ; 507 LEs                ; Yes        ; |uart_dpram|uart_rx_byte:u_uart_rx_byte|uart_byte_r[4][1] ;
; 256:1              ; 3 bits    ; 510 LEs       ; 3 LEs                ; 507 LEs                ; Yes        ; |uart_dpram|uart_rx_byte:u_uart_rx_byte|uart_byte_r[3][1] ;
; 256:1              ; 3 bits    ; 510 LEs       ; 3 LEs                ; 507 LEs                ; Yes        ; |uart_dpram|uart_rx_byte:u_uart_rx_byte|uart_byte_r[2][0] ;
; 256:1              ; 3 bits    ; 510 LEs       ; 3 LEs                ; 507 LEs                ; Yes        ; |uart_dpram|uart_rx_byte:u_uart_rx_byte|uart_byte_r[1][1] ;
; 256:1              ; 3 bits    ; 510 LEs       ; 3 LEs                ; 507 LEs                ; Yes        ; |uart_dpram|uart_rx_byte:u_uart_rx_byte|uart_byte_r[0][2] ;
+--------------------+-----------+---------------+----------------------+------------------------+------------+-----------------------------------------------------------+


+-----------------------------------------------------------------------------------------------------------+
; Source assignments for ip_dpram:u_ip_dpram|altsyncram:altsyncram_component|altsyncram_ufn1:auto_generated ;
+---------------------------------+--------------------+------+---------------------------------------------+
; Assignment                      ; Value              ; From ; To                                          ;
+---------------------------------+--------------------+------+---------------------------------------------+
; OPTIMIZE_POWER_DURING_SYNTHESIS ; NORMAL_COMPILATION ; -    ; -                                           ;
+---------------------------------+--------------------+------+---------------------------------------------+


+--------------------------------------------------------------------------------------------------+
; Parameter Settings for User Entity Instance: ip_dpram:u_ip_dpram|altsyncram:altsyncram_component ;
+------------------------------------+----------------------+--------------------------------------+
; Parameter Name                     ; Value                ; Type                                 ;
+------------------------------------+----------------------+--------------------------------------+
; BYTE_SIZE_BLOCK                    ; 8                    ; Untyped                              ;
; AUTO_CARRY_CHAINS                  ; ON                   ; AUTO_CARRY                           ;
; IGNORE_CARRY_BUFFERS               ; OFF                  ; IGNORE_CARRY                         ;
; AUTO_CASCADE_CHAINS                ; ON                   ; AUTO_CASCADE                         ;
; IGNORE_CASCADE_BUFFERS             ; OFF                  ; IGNORE_CASCADE                       ;
; WIDTH_BYTEENA                      ; 1                    ; Untyped                              ;
; OPERATION_MODE                     ; DUAL_PORT            ; Untyped                              ;
; WIDTH_A                            ; 8                    ; Signed Integer                       ;
; WIDTHAD_A                          ; 8                    ; Signed Integer                       ;
; NUMWORDS_A                         ; 256                  ; Signed Integer                       ;
; OUTDATA_REG_A                      ; UNREGISTERED         ; Untyped                              ;
; ADDRESS_ACLR_A                     ; NONE                 ; Untyped                              ;
; OUTDATA_ACLR_A                     ; NONE                 ; Untyped                              ;
; WRCONTROL_ACLR_A                   ; NONE                 ; Untyped                              ;
; INDATA_ACLR_A                      ; NONE                 ; Untyped                              ;
; BYTEENA_ACLR_A                     ; NONE                 ; Untyped                              ;
; WIDTH_B                            ; 8                    ; Signed Integer                       ;
; WIDTHAD_B                          ; 8                    ; Signed Integer                       ;
; NUMWORDS_B                         ; 256                  ; Signed Integer                       ;
; INDATA_REG_B                       ; CLOCK1               ; Untyped                              ;
; WRCONTROL_WRADDRESS_REG_B          ; CLOCK1               ; Untyped                              ;
; RDCONTROL_REG_B                    ; CLOCK1               ; Untyped                              ;
; ADDRESS_REG_B                      ; CLOCK0               ; Untyped                              ;
; OUTDATA_REG_B                      ; CLOCK0               ; Untyped                              ;
; BYTEENA_REG_B                      ; CLOCK1               ; Untyped                              ;
; INDATA_ACLR_B                      ; NONE                 ; Untyped                              ;
; WRCONTROL_ACLR_B                   ; NONE                 ; Untyped                              ;
; ADDRESS_ACLR_B                     ; NONE                 ; Untyped                              ;
; OUTDATA_ACLR_B                     ; NONE                 ; Untyped                              ;
; RDCONTROL_ACLR_B                   ; NONE                 ; Untyped                              ;
; BYTEENA_ACLR_B                     ; NONE                 ; Untyped                              ;
; WIDTH_BYTEENA_A                    ; 1                    ; Signed Integer                       ;
; WIDTH_BYTEENA_B                    ; 1                    ; Untyped                              ;
; RAM_BLOCK_TYPE                     ; AUTO                 ; Untyped                              ;
; BYTE_SIZE                          ; 8                    ; Untyped                              ;
; READ_DURING_WRITE_MODE_MIXED_PORTS ; DONT_CARE            ; Untyped                              ;
; READ_DURING_WRITE_MODE_PORT_A      ; NEW_DATA_NO_NBE_READ ; Untyped                              ;
; READ_DURING_WRITE_MODE_PORT_B      ; NEW_DATA_NO_NBE_READ ; Untyped                              ;
; INIT_FILE                          ; UNUSED               ; Untyped                              ;
; INIT_FILE_LAYOUT                   ; PORT_A               ; Untyped                              ;
; MAXIMUM_DEPTH                      ; 0                    ; Untyped                              ;
; CLOCK_ENABLE_INPUT_A               ; BYPASS               ; Untyped                              ;
; CLOCK_ENABLE_INPUT_B               ; BYPASS               ; Untyped                              ;
; CLOCK_ENABLE_OUTPUT_A              ; NORMAL               ; Untyped                              ;
; CLOCK_ENABLE_OUTPUT_B              ; BYPASS               ; Untyped                              ;
; CLOCK_ENABLE_CORE_A                ; USE_INPUT_CLKEN      ; Untyped                              ;
; CLOCK_ENABLE_CORE_B                ; USE_INPUT_CLKEN      ; Untyped                              ;
; ENABLE_ECC                         ; FALSE                ; Untyped                              ;
; ECC_PIPELINE_STAGE_ENABLED         ; FALSE                ; Untyped                              ;
; WIDTH_ECCSTATUS                    ; 3                    ; Untyped                              ;
; DEVICE_FAMILY                      ; Cyclone IV E         ; Untyped                              ;
; CBXI_PARAMETER                     ; altsyncram_ufn1      ; Untyped                              ;
+------------------------------------+----------------------+--------------------------------------+
Note: In order to hide this table in the UI and the text report file, please set the "Show Parameter Settings in Synthesis Report" option in "Analysis and Synthesis Settings -> More Settings" to "Off".


+-------------------------------------------------------------------------------------------------+
; altsyncram Parameter Settings by Entity Instance                                                ;
+-------------------------------------------+-----------------------------------------------------+
; Name                                      ; Value                                               ;
+-------------------------------------------+-----------------------------------------------------+
; Number of entity instances                ; 1                                                   ;
; Entity Instance                           ; ip_dpram:u_ip_dpram|altsyncram:altsyncram_component ;
;     -- OPERATION_MODE                     ; DUAL_PORT                                           ;
;     -- WIDTH_A                            ; 8                                                   ;
;     -- NUMWORDS_A                         ; 256                                                 ;
;     -- OUTDATA_REG_A                      ; UNREGISTERED                                        ;
;     -- WIDTH_B                            ; 8                                                   ;
;     -- NUMWORDS_B                         ; 256                                                 ;
;     -- ADDRESS_REG_B                      ; CLOCK0                                              ;
;     -- OUTDATA_REG_B                      ; CLOCK0                                              ;
;     -- RAM_BLOCK_TYPE                     ; AUTO                                                ;
;     -- READ_DURING_WRITE_MODE_MIXED_PORTS ; DONT_CARE                                           ;
+-------------------------------------------+-----------------------------------------------------+


+---------------------------------------------------------+
; Port Connectivity Checks: "uart_rx_byte:u_uart_rx_byte" ;
+------------+--------+----------+------------------------+
; Port       ; Type   ; Severity ; Details                ;
+------------+--------+----------+------------------------+
; Uart_state ; Output ; Info     ; Explicitly unconnected ;
+------------+--------+----------+------------------------+


+-------------------------------------------------------------+
; Port Connectivity Checks: "uart_tx_byte:u_uart_tx_byte"     ;
+----------------+--------+----------+------------------------+
; Port           ; Type   ; Severity ; Details                ;
+----------------+--------+----------+------------------------+
; Baud_sel[1..0] ; Input  ; Info     ; Stuck at GND           ;
; Baud_sel[2]    ; Input  ; Info     ; Stuck at VCC           ;
; Uart_state     ; Output ; Info     ; Explicitly unconnected ;
+----------------+--------+----------+------------------------+


+-------------------------------+
; Elapsed Time Per Partition    ;
+----------------+--------------+
; Partition Name ; Elapsed Time ;
+----------------+--------------+
; Top            ; 00:00:01     ;
+----------------+--------------+


+-------------------------------+
; Analysis & Synthesis Messages ;
+-------------------------------+
Info: *******************************************************************
Info: Running Quartus II 64-Bit Analysis & Synthesis
    Info: Version 13.1.0 Build 162 10/23/2013 SJ Full Version
    Info: Processing started: Sat Nov 16 23:28:35 2019
Info: Command: quartus_map --read_settings_files=on --write_settings_files=off dpram -c dpram
Info (20030): Parallel compilation is enabled and will use 6 of the 6 processors detected
Info (12021): Found 1 design units, including 1 entities, in source file /gitwork/fpfa_exc/dpram/testbench/key_model.v
    Info (12023): Found entity 1: key_model
Info (12021): Found 1 design units, including 1 entities, in source file /gitwork/fpfa_exc/dpram/rtl/uart_tx_byte.v
    Info (12023): Found entity 1: uart_tx_byte
Info (12021): Found 1 design units, including 1 entities, in source file /gitwork/fpfa_exc/dpram/rtl/uart_rx_byte.v
    Info (12023): Found entity 1: uart_rx_byte
Info (12021): Found 1 design units, including 1 entities, in source file /gitwork/fpfa_exc/dpram/rtl/key_filter.v
    Info (12023): Found entity 1: key_filter
Info (12021): Found 1 design units, including 1 entities, in source file ip/ip_dpram.v
    Info (12023): Found entity 1: ip_dpram
Info (12021): Found 1 design units, including 1 entities, in source file /gitwork/fpfa_exc/dpram/testbench/dpram_tb.v
    Info (12023): Found entity 1: dpram_tb
Info (12021): Found 1 design units, including 1 entities, in source file /gitwork/fpfa_exc/dpram/rtl/uart_dpram.v
    Info (12023): Found entity 1: uart_dpram
Info (12021): Found 1 design units, including 1 entities, in source file /gitwork/fpfa_exc/dpram/rtl/uart_dpram_ctrl.v
    Info (12023): Found entity 1: uart_dpram_ctrl
Info (12021): Found 1 design units, including 1 entities, in source file /gitwork/fpfa_exc/dpram/testbench/uart_dpram_tb.v
    Info (12023): Found entity 1: uart_dpram_tb
Info (12127): Elaborating entity "uart_dpram" for the top level hierarchy
Info (12128): Elaborating entity "ip_dpram" for hierarchy "ip_dpram:u_ip_dpram"
Info (12128): Elaborating entity "altsyncram" for hierarchy "ip_dpram:u_ip_dpram|altsyncram:altsyncram_component"
Info (12130): Elaborated megafunction instantiation "ip_dpram:u_ip_dpram|altsyncram:altsyncram_component"
Info (12133): Instantiated megafunction "ip_dpram:u_ip_dpram|altsyncram:altsyncram_component" with the following parameter:
    Info (12134): Parameter "address_aclr_b" = "NONE"
    Info (12134): Parameter "address_reg_b" = "CLOCK0"
    Info (12134): Parameter "clock_enable_input_a" = "BYPASS"
    Info (12134): Parameter "clock_enable_input_b" = "BYPASS"
    Info (12134): Parameter "clock_enable_output_b" = "BYPASS"
    Info (12134): Parameter "intended_device_family" = "Cyclone IV E"
    Info (12134): Parameter "lpm_type" = "altsyncram"
    Info (12134): Parameter "numwords_a" = "256"
    Info (12134): Parameter "numwords_b" = "256"
    Info (12134): Parameter "operation_mode" = "DUAL_PORT"
    Info (12134): Parameter "outdata_aclr_b" = "NONE"
    Info (12134): Parameter "outdata_reg_b" = "CLOCK0"
    Info (12134): Parameter "power_up_uninitialized" = "FALSE"
    Info (12134): Parameter "read_during_write_mode_mixed_ports" = "DONT_CARE"
    Info (12134): Parameter "widthad_a" = "8"
    Info (12134): Parameter "widthad_b" = "8"
    Info (12134): Parameter "width_a" = "8"
    Info (12134): Parameter "width_b" = "8"
    Info (12134): Parameter "width_byteena_a" = "1"
Info (12021): Found 1 design units, including 1 entities, in source file db/altsyncram_ufn1.tdf
    Info (12023): Found entity 1: altsyncram_ufn1
Info (12128): Elaborating entity "altsyncram_ufn1" for hierarchy "ip_dpram:u_ip_dpram|altsyncram:altsyncram_component|altsyncram_ufn1:auto_generated"
Info (12128): Elaborating entity "uart_tx_byte" for hierarchy "uart_tx_byte:u_uart_tx_byte"
Info (12128): Elaborating entity "uart_rx_byte" for hierarchy "uart_rx_byte:u_uart_rx_byte"
Info (12128): Elaborating entity "key_filter" for hierarchy "key_filter:u_key_filter"
Info (12128): Elaborating entity "uart_dpram_ctrl" for hierarchy "uart_dpram_ctrl:u_uart_dpram_ctrl"
Info (13000): Registers with preset signals will power-up high
Info (13003): DEV_CLRn pin will set, and not reset, register with preset signal due to NOT Gate Push-Back
Info (286030): Timing-Driven Synthesis is running
Info (16010): Generating hard_block partition "hard_block:auto_generated_inst"
    Info (16011): Adding 0 node(s), including 0 DDIO, 0 PLL, 0 transceiver and 0 LCELL
Info (21057): Implemented 227 device resources after synthesis - the final resource count might be different
    Info (21058): Implemented 4 input pins
    Info (21059): Implemented 1 output pins
    Info (21061): Implemented 214 logic cells
    Info (21064): Implemented 8 RAM segments
Info: Quartus II 64-Bit Analysis & Synthesis was successful. 0 errors, 0 warnings
    Info: Peak virtual memory: 4691 megabytes
    Info: Processing ended: Sat Nov 16 23:28:38 2019
    Info: Elapsed time: 00:00:03
    Info: Total CPU time (on all processors): 00:00:02


