Analysis & Synthesis report for sdram_w9825g6kh
Mon Dec 09 17:35:16 2019
Quartus II 64-Bit Version 13.1.0 Build 162 10/23/2013 SJ Full Version


---------------------
; Table of Contents ;
---------------------
  1. Legal Notice
  2. Analysis & Synthesis Summary
  3. Analysis & Synthesis Settings
  4. Parallel Compilation
  5. Analysis & Synthesis Source Files Read
  6. Analysis & Synthesis Resource Usage Summary
  7. Analysis & Synthesis Resource Utilization by Entity
  8. State Machine - |sdram_w9825g6kh|st_init
  9. User-Specified and Inferred Latches
 10. Registers Removed During Synthesis
 11. General Register Statistics
 12. Inverted Register Statistics
 13. Parameter Settings for User Entity Instance: Top-level Entity: |sdram_w9825g6kh
 14. Elapsed Time Per Partition
 15. Analysis & Synthesis Messages
 16. Analysis & Synthesis Suppressed Messages



----------------
; Legal Notice ;
----------------
Copyright (C) 1991-2013 Altera Corporation
Your use of Altera Corporation's design tools, logic functions 
and other software and tools, and its AMPP partner logic 
functions, and any output files from any of the foregoing 
(including device programming or simulation files), and any 
associated documentation or information are expressly subject 
to the terms and conditions of the Altera Program License 
Subscription Agreement, Altera MegaCore Function License 
Agreement, or other applicable license agreement, including, 
without limitation, that your use is for the sole purpose of 
programming logic devices manufactured by Altera and sold by 
Altera or its authorized distributors.  Please refer to the 
applicable agreement for further details.



+----------------------------------------------------------------------------------+
; Analysis & Synthesis Summary                                                     ;
+------------------------------------+---------------------------------------------+
; Analysis & Synthesis Status        ; Successful - Mon Dec 09 17:35:16 2019       ;
; Quartus II 64-Bit Version          ; 13.1.0 Build 162 10/23/2013 SJ Full Version ;
; Revision Name                      ; sdram_w9825g6kh                             ;
; Top-level Entity Name              ; sdram_w9825g6kh                             ;
; Family                             ; Cyclone IV E                                ;
; Total logic elements               ; 66                                          ;
;     Total combinational functions  ; 63                                          ;
;     Dedicated logic registers      ; 44                                          ;
; Total registers                    ; 44                                          ;
; Total pins                         ; 41                                          ;
; Total virtual pins                 ; 0                                           ;
; Total memory bits                  ; 0                                           ;
; Embedded Multiplier 9-bit elements ; 0                                           ;
; Total PLLs                         ; 0                                           ;
+------------------------------------+---------------------------------------------+


+----------------------------------------------------------------------------------------------------------------------+
; Analysis & Synthesis Settings                                                                                        ;
+----------------------------------------------------------------------------+--------------------+--------------------+
; Option                                                                     ; Setting            ; Default Value      ;
+----------------------------------------------------------------------------+--------------------+--------------------+
; Device                                                                     ; EP4CE10F17C8       ;                    ;
; Top-level entity name                                                      ; sdram_w9825g6kh    ; sdram_w9825g6kh    ;
; Family name                                                                ; Cyclone IV E       ; Cyclone IV GX      ;
; Use smart compilation                                                      ; Off                ; Off                ;
; Enable parallel Assembler and TimeQuest Timing Analyzer during compilation ; On                 ; On                 ;
; Enable compact report table                                                ; Off                ; Off                ;
; Restructure Multiplexers                                                   ; Auto               ; Auto               ;
; Create Debugging Nodes for IP Cores                                        ; Off                ; Off                ;
; Preserve fewer node names                                                  ; On                 ; On                 ;
; Disable OpenCore Plus hardware evaluation                                  ; Off                ; Off                ;
; Verilog Version                                                            ; Verilog_2001       ; Verilog_2001       ;
; VHDL Version                                                               ; VHDL_1993          ; VHDL_1993          ;
; State Machine Processing                                                   ; Auto               ; Auto               ;
; Safe State Machine                                                         ; Off                ; Off                ;
; Extract Verilog State Machines                                             ; On                 ; On                 ;
; Extract VHDL State Machines                                                ; On                 ; On                 ;
; Ignore Verilog initial constructs                                          ; Off                ; Off                ;
; Iteration limit for constant Verilog loops                                 ; 5000               ; 5000               ;
; Iteration limit for non-constant Verilog loops                             ; 250                ; 250                ;
; Add Pass-Through Logic to Inferred RAMs                                    ; On                 ; On                 ;
; Infer RAMs from Raw Logic                                                  ; On                 ; On                 ;
; Parallel Synthesis                                                         ; On                 ; On                 ;
; DSP Block Balancing                                                        ; Auto               ; Auto               ;
; NOT Gate Push-Back                                                         ; On                 ; On                 ;
; Power-Up Don't Care                                                        ; On                 ; On                 ;
; Remove Redundant Logic Cells                                               ; Off                ; Off                ;
; Remove Duplicate Registers                                                 ; On                 ; On                 ;
; Ignore CARRY Buffers                                                       ; Off                ; Off                ;
; Ignore CASCADE Buffers                                                     ; Off                ; Off                ;
; Ignore GLOBAL Buffers                                                      ; Off                ; Off                ;
; Ignore ROW GLOBAL Buffers                                                  ; Off                ; Off                ;
; Ignore LCELL Buffers                                                       ; Off                ; Off                ;
; Ignore SOFT Buffers                                                        ; On                 ; On                 ;
; Limit AHDL Integers to 32 Bits                                             ; Off                ; Off                ;
; Optimization Technique                                                     ; Balanced           ; Balanced           ;
; Carry Chain Length                                                         ; 70                 ; 70                 ;
; Auto Carry Chains                                                          ; On                 ; On                 ;
; Auto Open-Drain Pins                                                       ; On                 ; On                 ;
; Perform WYSIWYG Primitive Resynthesis                                      ; Off                ; Off                ;
; Auto ROM Replacement                                                       ; On                 ; On                 ;
; Auto RAM Replacement                                                       ; On                 ; On                 ;
; Auto DSP Block Replacement                                                 ; On                 ; On                 ;
; Auto Shift Register Replacement                                            ; Auto               ; Auto               ;
; Allow Shift Register Merging across Hierarchies                            ; Auto               ; Auto               ;
; Auto Clock Enable Replacement                                              ; On                 ; On                 ;
; Strict RAM Replacement                                                     ; Off                ; Off                ;
; Allow Synchronous Control Signals                                          ; On                 ; On                 ;
; Force Use of Synchronous Clear Signals                                     ; Off                ; Off                ;
; Auto RAM Block Balancing                                                   ; On                 ; On                 ;
; Auto RAM to Logic Cell Conversion                                          ; Off                ; Off                ;
; Auto Resource Sharing                                                      ; Off                ; Off                ;
; Allow Any RAM Size For Recognition                                         ; Off                ; Off                ;
; Allow Any ROM Size For Recognition                                         ; Off                ; Off                ;
; Allow Any Shift Register Size For Recognition                              ; Off                ; Off                ;
; Use LogicLock Constraints during Resource Balancing                        ; On                 ; On                 ;
; Ignore translate_off and synthesis_off directives                          ; Off                ; Off                ;
; Timing-Driven Synthesis                                                    ; On                 ; On                 ;
; Report Parameter Settings                                                  ; On                 ; On                 ;
; Report Source Assignments                                                  ; On                 ; On                 ;
; Report Connectivity Checks                                                 ; On                 ; On                 ;
; Ignore Maximum Fan-Out Assignments                                         ; Off                ; Off                ;
; Synchronization Register Chain Length                                      ; 2                  ; 2                  ;
; PowerPlay Power Optimization                                               ; Normal compilation ; Normal compilation ;
; HDL message level                                                          ; Level2             ; Level2             ;
; Suppress Register Optimization Related Messages                            ; Off                ; Off                ;
; Number of Removed Registers Reported in Synthesis Report                   ; 5000               ; 5000               ;
; Number of Swept Nodes Reported in Synthesis Report                         ; 5000               ; 5000               ;
; Number of Inverted Registers Reported in Synthesis Report                  ; 100                ; 100                ;
; Clock MUX Protection                                                       ; On                 ; On                 ;
; Auto Gated Clock Conversion                                                ; Off                ; Off                ;
; Block Design Naming                                                        ; Auto               ; Auto               ;
; SDC constraint protection                                                  ; Off                ; Off                ;
; Synthesis Effort                                                           ; Auto               ; Auto               ;
; Shift Register Replacement - Allow Asynchronous Clear Signal               ; On                 ; On                 ;
; Pre-Mapping Resynthesis Optimization                                       ; Off                ; Off                ;
; Analysis & Synthesis Message Level                                         ; Medium             ; Medium             ;
; Disable Register Merging Across Hierarchies                                ; Auto               ; Auto               ;
; Resource Aware Inference For Block RAM                                     ; On                 ; On                 ;
; Synthesis Seed                                                             ; 1                  ; 1                  ;
+----------------------------------------------------------------------------+--------------------+--------------------+


+------------------------------------------+
; Parallel Compilation                     ;
+----------------------------+-------------+
; Processors                 ; Number      ;
+----------------------------+-------------+
; Number detected on machine ; 4           ;
; Maximum allowed            ; 2           ;
;                            ;             ;
; Average used               ; 1.00        ;
; Maximum used               ; 1           ;
;                            ;             ;
; Usage by Processor         ; % Time Used ;
;     Processor 1            ; 100.0%      ;
;     Processors 2-4         ;   0.0%      ;
+----------------------------+-------------+


+--------------------------------------------------------------------------------------------------------------------------------------------+
; Analysis & Synthesis Source Files Read                                                                                                     ;
+----------------------------------+-----------------+------------------------+----------------------------------------------------+---------+
; File Name with User-Entered Path ; Used in Netlist ; File Type              ; File Name with Absolute Path                       ; Library ;
+----------------------------------+-----------------+------------------------+----------------------------------------------------+---------+
; ../rtl/sdram_w9825g6kh.v         ; yes             ; User Verilog HDL File  ; D:/gitwork/FPFA_EXC/my_sdram/rtl/sdram_w9825g6kh.v ;         ;
+----------------------------------+-----------------+------------------------+----------------------------------------------------+---------+


+-------------------------------------------------------------+
; Analysis & Synthesis Resource Usage Summary                 ;
+---------------------------------------------+---------------+
; Resource                                    ; Usage         ;
+---------------------------------------------+---------------+
; Estimated Total logic elements              ; 66            ;
;                                             ;               ;
; Total combinational functions               ; 63            ;
; Logic element usage by number of LUT inputs ;               ;
;     -- 4 input functions                    ; 23            ;
;     -- 3 input functions                    ; 11            ;
;     -- <=2 input functions                  ; 29            ;
;                                             ;               ;
; Logic elements by mode                      ;               ;
;     -- normal mode                          ; 40            ;
;     -- arithmetic mode                      ; 23            ;
;                                             ;               ;
; Total registers                             ; 44            ;
;     -- Dedicated logic registers            ; 44            ;
;     -- I/O registers                        ; 0             ;
;                                             ;               ;
; I/O pins                                    ; 41            ;
; Embedded Multiplier 9-bit elements          ; 0             ;
; Maximum fan-out node                        ; REF_CLK~input ;
; Maximum fan-out                             ; 44            ;
; Total fan-out                               ; 395           ;
; Average fan-out                             ; 2.09          ;
+---------------------------------------------+---------------+


+-----------------------------------------------------------------------------------------------------------------------------------------------------------------------------+
; Analysis & Synthesis Resource Utilization by Entity                                                                                                                         ;
+----------------------------+-------------------+--------------+-------------+--------------+---------+-----------+------+--------------+---------------------+--------------+
; Compilation Hierarchy Node ; LC Combinationals ; LC Registers ; Memory Bits ; DSP Elements ; DSP 9x9 ; DSP 18x18 ; Pins ; Virtual Pins ; Full Hierarchy Name ; Library Name ;
+----------------------------+-------------------+--------------+-------------+--------------+---------+-----------+------+--------------+---------------------+--------------+
; |sdram_w9825g6kh           ; 63 (63)           ; 44 (44)      ; 0           ; 0            ; 0       ; 0         ; 41   ; 0            ; |sdram_w9825g6kh    ; work         ;
+----------------------------+-------------------+--------------+-------------+--------------+---------+-----------+------+--------------+---------------------+--------------+
Note: For table entries with two numbers listed, the numbers in parentheses indicate the number of resources of the given type used by the specific entity alone. The numbers listed outside of parentheses indicate the total resources of the given type used by the specific entity and all of its sub-entities in the hierarchy.


Encoding Type:  One-Hot
+-----------------------------------------------------------------------------------------------------------------------------------------------------------------------------------------------------------+
; State Machine - |sdram_w9825g6kh|st_init                                                                                                                                                                  ;
+--------------------------+-------------------+-----------------------+-----------------+------------------------+------------------+------------------------+------------------+--------------------------+
; Name                     ; st_init.INIT_DONE ; st_init.INIT_AF_DELAY ; st_init.INIT_AF ; st_init.INIT_SMR_DELAY ; st_init.INIT_SMR ; st_init.INIT_PRE_DELAY ; st_init.INIT_PRE ; st_init.INIT_200US_PAUSE ;
+--------------------------+-------------------+-----------------------+-----------------+------------------------+------------------+------------------------+------------------+--------------------------+
; st_init.INIT_200US_PAUSE ; 0                 ; 0                     ; 0               ; 0                      ; 0                ; 0                      ; 0                ; 0                        ;
; st_init.INIT_PRE         ; 0                 ; 0                     ; 0               ; 0                      ; 0                ; 0                      ; 1                ; 1                        ;
; st_init.INIT_PRE_DELAY   ; 0                 ; 0                     ; 0               ; 0                      ; 0                ; 1                      ; 0                ; 1                        ;
; st_init.INIT_SMR         ; 0                 ; 0                     ; 0               ; 0                      ; 1                ; 0                      ; 0                ; 1                        ;
; st_init.INIT_SMR_DELAY   ; 0                 ; 0                     ; 0               ; 1                      ; 0                ; 0                      ; 0                ; 1                        ;
; st_init.INIT_AF          ; 0                 ; 0                     ; 1               ; 0                      ; 0                ; 0                      ; 0                ; 1                        ;
; st_init.INIT_AF_DELAY    ; 0                 ; 1                     ; 0               ; 0                      ; 0                ; 0                      ; 0                ; 1                        ;
; st_init.INIT_DONE        ; 1                 ; 0                     ; 0               ; 0                      ; 0                ; 0                      ; 0                ; 1                        ;
+--------------------------+-------------------+-----------------------+-----------------+------------------------+------------------+------------------------+------------------+--------------------------+


+---------------------------------------------------------------------------------------------------+
; User-Specified and Inferred Latches                                                               ;
+----------------------------------------------------+---------------------+------------------------+
; Latch Name                                         ; Latch Enable Signal ; Free of Timing Hazards ;
+----------------------------------------------------+---------------------+------------------------+
; cnt_rst                                            ; st_init.INIT_DONE   ; yes                    ;
; Number of user-specified and inferred latches = 1  ;                     ;                        ;
+----------------------------------------------------+---------------------+------------------------+
Note: All latches listed above may not be present at the end of synthesis due to various synthesis optimizations.


+---------------------------------------------------------------------------------+
; Registers Removed During Synthesis                                              ;
+----------------------------------------+----------------------------------------+
; Register name                          ; Reason for Removal                     ;
+----------------------------------------+----------------------------------------+
; A[0]~reg0                              ; Stuck at VCC due to stuck port data_in ;
; A[5]~reg0                              ; Stuck at VCC due to stuck port data_in ;
; A[4]~reg0                              ; Stuck at VCC due to stuck port data_in ;
; A[2]~reg0                              ; Stuck at VCC due to stuck port data_in ;
; A[1]~reg0                              ; Stuck at VCC due to stuck port data_in ;
; A[11]~reg0                             ; Merged with A[10]~reg0                 ;
; A[12]~reg0                             ; Merged with A[10]~reg0                 ;
; A[3]~reg0                              ; Merged with A[10]~reg0                 ;
; A[6]~reg0                              ; Merged with A[10]~reg0                 ;
; A[7]~reg0                              ; Merged with A[10]~reg0                 ;
; A[8]~reg0                              ; Merged with A[10]~reg0                 ;
; A[9]~reg0                              ; Merged with A[10]~reg0                 ;
; BS[0]~reg0                             ; Merged with A[10]~reg0                 ;
; BS[1]~reg0                             ; Merged with A[10]~reg0                 ;
; st_init~5                              ; Lost fanout                            ;
; st_init~6                              ; Lost fanout                            ;
; st_init~7                              ; Lost fanout                            ;
; st_init~8                              ; Lost fanout                            ;
; Total Number of Removed Registers = 18 ;                                        ;
+----------------------------------------+----------------------------------------+


+------------------------------------------------------+
; General Register Statistics                          ;
+----------------------------------------------+-------+
; Statistic                                    ; Value ;
+----------------------------------------------+-------+
; Total registers                              ; 44    ;
; Number of registers using Synchronous Clear  ; 10    ;
; Number of registers using Synchronous Load   ; 0     ;
; Number of registers using Asynchronous Clear ; 44    ;
; Number of registers using Asynchronous Load  ; 0     ;
; Number of registers using Clock Enable       ; 18    ;
; Number of registers using Preset             ; 0     ;
+----------------------------------------------+-------+


+--------------------------------------------------+
; Inverted Register Statistics                     ;
+----------------------------------------+---------+
; Inverted Register                      ; Fan out ;
+----------------------------------------+---------+
; CMD[3]                                 ; 1       ;
; CMD[2]                                 ; 2       ;
; CMD[1]                                 ; 2       ;
; CMD[0]                                 ; 2       ;
; A[10]~reg0                             ; 10      ;
; Total number of inverted registers = 5 ;         ;
+----------------------------------------+---------+


+---------------------------------------------------------------------------------+
; Parameter Settings for User Entity Instance: Top-level Entity: |sdram_w9825g6kh ;
+----------------+-------+--------------------------------------------------------+
; Parameter Name ; Value ; Type                                                   ;
+----------------+-------+--------------------------------------------------------+
; INIT_200US     ; 20000 ; Signed Integer                                         ;
; INIT_AF_CNT    ; 8     ; Signed Integer                                         ;
; tRP            ; 2     ; Signed Integer                                         ;
; tRSC           ; 4     ; Signed Integer                                         ;
; tRC            ; 8     ; Signed Integer                                         ;
; INIT_CMD       ; 01111 ; Unsigned Binary                                        ;
; NOP_CMD        ; 10111 ; Unsigned Binary                                        ;
; PREALL_CMD     ; 10010 ; Unsigned Binary                                        ;
; SMR_CMD        ; 10000 ; Unsigned Binary                                        ;
; AF_CMD         ; 10001 ; Unsigned Binary                                        ;
+----------------+-------+--------------------------------------------------------+
Note: In order to hide this table in the UI and the text report file, please set the "Show Parameter Settings in Synthesis Report" option in "Analysis and Synthesis Settings -> More Settings" to "Off".


+-------------------------------+
; Elapsed Time Per Partition    ;
+----------------+--------------+
; Partition Name ; Elapsed Time ;
+----------------+--------------+
; Top            ; 00:00:02     ;
+----------------+--------------+


+-------------------------------+
; Analysis & Synthesis Messages ;
+-------------------------------+
Info: *******************************************************************
Info: Running Quartus II 64-Bit Analysis & Synthesis
    Info: Version 13.1.0 Build 162 10/23/2013 SJ Full Version
    Info: Processing started: Mon Dec 09 17:35:08 2019
Info: Command: quartus_map --read_settings_files=on --write_settings_files=off sdram_w9825g6kh -c sdram_w9825g6kh
Info (11104): Parallel Compilation has detected 4 hyper-threaded processors. However, the extra hyper-threaded processors will not be used by default. Parallel Compilation will use 2 of the 2 physical processors detected instead.
Info (12021): Found 1 design units, including 1 entities, in source file /gitwork/fpfa_exc/my_sdram/rtl/sdram_w9825g6kh.v
    Info (12023): Found entity 1: sdram_w9825g6kh
Info (12127): Elaborating entity "sdram_w9825g6kh" for the top level hierarchy
Warning (10240): Verilog HDL Always Construct warning at sdram_w9825g6kh.v(162): inferring latch(es) for variable "cnt_rst", which holds its previous value in one or more paths through the always construct
Info (10264): Verilog HDL Case Statement information at sdram_w9825g6kh.v(200): all case item expressions in this case statement are onehot
Warning (10034): Output port "DQM" at sdram_w9825g6kh.v(33) has no driver
Warning (10034): Output port "DQ" at sdram_w9825g6kh.v(34) has no driver
Warning (10034): Output port "CLK" at sdram_w9825g6kh.v(25) has no driver
Info (10041): Inferred latch for "cnt_rst" at sdram_w9825g6kh.v(162)
Info (13000): Registers with preset signals will power-up high
Info (13003): DEV_CLRn pin will set, and not reset, register with preset signal due to NOT Gate Push-Back
Warning (13024): Output pins are stuck at VCC or GND
    Warning (13410): Pin "CLK" is stuck at GND
    Warning (13410): Pin "A[0]" is stuck at VCC
    Warning (13410): Pin "A[1]" is stuck at VCC
    Warning (13410): Pin "A[2]" is stuck at VCC
    Warning (13410): Pin "A[4]" is stuck at VCC
    Warning (13410): Pin "A[5]" is stuck at VCC
    Warning (13410): Pin "DQM[0]" is stuck at GND
    Warning (13410): Pin "DQM[1]" is stuck at GND
    Warning (13410): Pin "DQ[0]" is stuck at GND
    Warning (13410): Pin "DQ[1]" is stuck at GND
    Warning (13410): Pin "DQ[2]" is stuck at GND
    Warning (13410): Pin "DQ[3]" is stuck at GND
    Warning (13410): Pin "DQ[4]" is stuck at GND
    Warning (13410): Pin "DQ[5]" is stuck at GND
    Warning (13410): Pin "DQ[6]" is stuck at GND
    Warning (13410): Pin "DQ[7]" is stuck at GND
    Warning (13410): Pin "DQ[8]" is stuck at GND
    Warning (13410): Pin "DQ[9]" is stuck at GND
    Warning (13410): Pin "DQ[10]" is stuck at GND
    Warning (13410): Pin "DQ[11]" is stuck at GND
    Warning (13410): Pin "DQ[12]" is stuck at GND
    Warning (13410): Pin "DQ[13]" is stuck at GND
    Warning (13410): Pin "DQ[14]" is stuck at GND
    Warning (13410): Pin "DQ[15]" is stuck at GND
Info (286030): Timing-Driven Synthesis is running
Info (17049): 4 registers lost all their fanouts during netlist optimizations.
Info (144001): Generated suppressed messages file D:/gitwork/FPFA_EXC/my_sdram/prj/output_files/sdram_w9825g6kh.map.smsg
Info (16010): Generating hard_block partition "hard_block:auto_generated_inst"
    Info (16011): Adding 0 node(s), including 0 DDIO, 0 PLL, 0 transceiver and 0 LCELL
Info (21057): Implemented 107 device resources after synthesis - the final resource count might be different
    Info (21058): Implemented 2 input pins
    Info (21059): Implemented 39 output pins
    Info (21061): Implemented 66 logic cells
Info: Quartus II 64-Bit Analysis & Synthesis was successful. 0 errors, 29 warnings
    Info: Peak virtual memory: 477 megabytes
    Info: Processing ended: Mon Dec 09 17:35:16 2019
    Info: Elapsed time: 00:00:08
    Info: Total CPU time (on all processors): 00:00:02


+------------------------------------------+
; Analysis & Synthesis Suppressed Messages ;
+------------------------------------------+
The suppressed messages can be found in D:/gitwork/FPFA_EXC/my_sdram/prj/output_files/sdram_w9825g6kh.map.smsg.


