Flow report for uart_tx_byte
Sat Nov 16 17:57:06 2019
Quartus II 32-bit Version 13.1.0 Build 162 10/23/2013 SJ Full Version


---------------------
; Table of Contents ;
---------------------
  1. Legal Notice
  2. Flow Summary
  3. Flow Settings
  4. Flow Non-Default Global Settings
  5. Flow Elapsed Time
  6. Flow OS Summary
  7. Flow Log
  8. Flow Messages
  9. Flow Suppressed Messages



----------------
; Legal Notice ;
----------------
Copyright (C) 1991-2013 Altera Corporation
Your use of Altera Corporation's design tools, logic functions 
and other software and tools, and its AMPP partner logic 
functions, and any output files from any of the foregoing 
(including device programming or simulation files), and any 
associated documentation or information are expressly subject 
to the terms and conditions of the Altera Program License 
Subscription Agreement, Altera MegaCore Function License 
Agreement, or other applicable license agreement, including, 
without limitation, that your use is for the sole purpose of 
programming logic devices manufactured by Altera and sold by 
Altera or its authorized distributors.  Please refer to the 
applicable agreement for further details.



+----------------------------------------------------------------------------------+
; Flow Summary                                                                     ;
+------------------------------------+---------------------------------------------+
; Flow Status                        ; Successful - Sat Nov 16 17:57:06 2019       ;
; Quartus II 32-bit Version          ; 13.1.0 Build 162 10/23/2013 SJ Full Version ;
; Revision Name                      ; uart_tx_byte                                ;
; Top-level Entity Name              ; uart_tx_top                                 ;
; Family                             ; Cyclone IV E                                ;
; Device                             ; EP4CE10F17C8                                ;
; Timing Models                      ; Final                                       ;
; Total logic elements               ; 249 / 10,320 ( 2 % )                        ;
;     Total combinational functions  ; 227 / 10,320 ( 2 % )                        ;
;     Dedicated logic registers      ; 162 / 10,320 ( 2 % )                        ;
; Total registers                    ; 162                                         ;
; Total pins                         ; 4 / 180 ( 2 % )                             ;
; Total virtual pins                 ; 0                                           ;
; Total memory bits                  ; 0 / 423,936 ( 0 % )                         ;
; Embedded Multiplier 9-bit elements ; 0 / 46 ( 0 % )                              ;
; Total PLLs                         ; 0 / 2 ( 0 % )                               ;
+------------------------------------+---------------------------------------------+


+-----------------------------------------+
; Flow Settings                           ;
+-------------------+---------------------+
; Option            ; Setting             ;
+-------------------+---------------------+
; Start date & time ; 11/16/2019 17:56:51 ;
; Main task         ; Compilation         ;
; Revision Name     ; uart_tx_byte        ;
+-------------------+---------------------+


+------------------------------------------------------------------------------------------------------------------------------+
; Flow Non-Default Global Settings                                                                                             ;
+--------------------------------------+---------------------------------------+---------------+-------------+-----------------+
; Assignment Name                      ; Value                                 ; Default Value ; Entity Name ; Section Id      ;
+--------------------------------------+---------------------------------------+---------------+-------------+-----------------+
; COMPILER_SIGNATURE_ID                ; 71126646623957.157389821010128        ; --            ; --          ; --              ;
; EDA_DESIGN_INSTANCE_NAME             ; NA                                    ; --            ; --          ; uart_tx_byte_tb ;
; EDA_NATIVELINK_SIMULATION_TEST_BENCH ; uart_tx_byte_tb                       ; --            ; --          ; eda_simulation  ;
; EDA_OUTPUT_DATA_FORMAT               ; Verilog Hdl                           ; --            ; --          ; eda_simulation  ;
; EDA_SIMULATION_TOOL                  ; ModelSim (Verilog)                    ; <None>        ; --          ; --              ;
; EDA_TEST_BENCH_ENABLE_STATUS         ; TEST_BENCH_MODE                       ; --            ; --          ; eda_simulation  ;
; EDA_TEST_BENCH_FILE                  ; ../testbench/uart_tx_byte_tb.v        ; --            ; --          ; uart_tx_byte_tb ;
; EDA_TEST_BENCH_MODULE_NAME           ; uart_tx_byte_tb                       ; --            ; --          ; uart_tx_byte_tb ;
; EDA_TEST_BENCH_NAME                  ; uart_tx_byte_tb                       ; --            ; --          ; eda_simulation  ;
; EDA_TIME_SCALE                       ; 1 ns                                  ; --            ; --          ; eda_simulation  ;
; IP_TOOL_NAME                         ; In-System Sources and Probes          ; --            ; --          ; --              ;
; IP_TOOL_VERSION                      ; 13.1                                  ; --            ; --          ; --              ;
; MAX_CORE_JUNCTION_TEMP               ; 85                                    ; --            ; --          ; --              ;
; MIN_CORE_JUNCTION_TEMP               ; 0                                     ; --            ; --          ; --              ;
; MISC_FILE                            ; ip/issp/uart_issp_bb.v                ; --            ; --          ; --              ;
; NOMINAL_CORE_SUPPLY_VOLTAGE          ; 1.2V                                  ; --            ; --          ; --              ;
; PARTITION_COLOR                      ; 16764057                              ; --            ; uart_tx_top ; Top             ;
; PARTITION_FITTER_PRESERVATION_LEVEL  ; PLACEMENT_AND_ROUTING                 ; --            ; uart_tx_top ; Top             ;
; PARTITION_NETLIST_TYPE               ; SOURCE                                ; --            ; uart_tx_top ; Top             ;
; POWER_BOARD_THERMAL_MODEL            ; None (CONSERVATIVE)                   ; --            ; --          ; --              ;
; POWER_PRESET_COOLING_SOLUTION        ; 23 MM HEAT SINK WITH 200 LFPM AIRFLOW ; --            ; --          ; --              ;
; PROJECT_OUTPUT_DIRECTORY             ; output_files                          ; --            ; --          ; --              ;
; TOP_LEVEL_ENTITY                     ; uart_tx_top                           ; uart_tx_byte  ; --          ; --              ;
+--------------------------------------+---------------------------------------+---------------+-------------+-----------------+


+-------------------------------------------------------------------------------------------------------------------------------+
; Flow Elapsed Time                                                                                                             ;
+---------------------------+--------------+-------------------------+---------------------+------------------------------------+
; Module Name               ; Elapsed Time ; Average Processors Used ; Peak Virtual Memory ; Total CPU Time (on all processors) ;
+---------------------------+--------------+-------------------------+---------------------+------------------------------------+
; Analysis & Synthesis      ; 00:00:02     ; 1.0                     ; 447 MB              ; 00:00:02                           ;
; Fitter                    ; 00:00:04     ; 1.0                     ; 727 MB              ; 00:00:06                           ;
; Assembler                 ; 00:00:01     ; 1.0                     ; 393 MB              ; 00:00:01                           ;
; TimeQuest Timing Analyzer ; 00:00:02     ; 1.0                     ; 434 MB              ; 00:00:02                           ;
; EDA Netlist Writer        ; 00:00:01     ; 1.0                     ; 356 MB              ; 00:00:01                           ;
; Total                     ; 00:00:10     ; --                      ; --                  ; 00:00:12                           ;
+---------------------------+--------------+-------------------------+---------------------+------------------------------------+


+----------------------------------------------------------------------------------------+
; Flow OS Summary                                                                        ;
+---------------------------+------------------+-----------+------------+----------------+
; Module Name               ; Machine Hostname ; OS Name   ; OS Version ; Processor type ;
+---------------------------+------------------+-----------+------------+----------------+
; Analysis & Synthesis      ; PS20190526PTHV   ; Windows 7 ; 6.2        ; x86_64         ;
; Fitter                    ; PS20190526PTHV   ; Windows 7 ; 6.2        ; x86_64         ;
; Assembler                 ; PS20190526PTHV   ; Windows 7 ; 6.2        ; x86_64         ;
; TimeQuest Timing Analyzer ; PS20190526PTHV   ; Windows 7 ; 6.2        ; x86_64         ;
; EDA Netlist Writer        ; PS20190526PTHV   ; Windows 7 ; 6.2        ; x86_64         ;
+---------------------------+------------------+-----------+------------+----------------+


------------
; Flow Log ;
------------
quartus_map --read_settings_files=on --write_settings_files=off uart_tx_byte -c uart_tx_byte
quartus_fit --read_settings_files=off --write_settings_files=off uart_tx_byte -c uart_tx_byte
quartus_asm --read_settings_files=off --write_settings_files=off uart_tx_byte -c uart_tx_byte
quartus_sta uart_tx_byte -c uart_tx_byte
quartus_eda --read_settings_files=off --write_settings_files=off uart_tx_byte -c uart_tx_byte



